Arguments: 
  C:\Program Files\nodejs\node.exe C:\Program Files\nodejs\node_modules\yarn\bin\yarn.js init

PATH: 
  C:\Program Files (x86)\Common Files\Oracle\Java\javapath;C:\Windows\system32;C:\Windows;C:\Windows\System32\Wbem;C:\Windows\System32\WindowsPowerShell\v1.0\;C:\Windows\System32\OpenSSH\;C:\Program Files\Git\cmd;C:\Program Files\NVIDIA Corporation\NVIDIA NvDLISR;C:\Users\apopo\AppData\Roaming\nvm;C:\Program Files\nodejs;C:\Program Files (x86)\NVIDIA Corporation\PhysX\Common;C:\Users\apopo\.windows-build-tools\python27\;C:\Users\apopo\AppData\Roaming\npm\node_modules\windows-build-tools\node_modules\.bin;C:\Users\apopo\AppData\Roaming\npm\node_modules\node_modules\.bin;C:\Users\apopo\AppData\Roaming\npm\node_modules\.bin;C:\Users\apopo\AppData\Roaming\node_modules\.bin;C:\Users\apopo\AppData\node_modules\.bin;C:\Users\apopo\node_modules\.bin;C:\Users\node_modules\.bin;C:\node_modules\.bin;C:\Program Files\nodejs\node_modules\npm\node_modules\@npmcli\run-script\lib\node-gyp-bin;C:\Program Files (x86)\Common Files\Oracle\Java\javapath;C:\Windows\system32;C:\Windows;C:\Windows\System32\Wbem;C:\Windows\System32\WindowsPowerShell\v1.0\;C:\Windows\System32\OpenSSH\;C:\Program Files\Git\cmd;C:\Program Files\NVIDIA Corporation\NVIDIA NvDLISR;C:\Program Files\nodejs\;C:\Users\apopo\.windows-build-tools\python27\;C:\Users\apopo\AppData\Roaming\npm\node_modules\windows-build-tools\node_modules\.bin;C:\Users\apopo\AppData\Roaming\npm\node_modules\node_modules\.bin;C:\Users\apopo\AppData\Roaming\npm\node_modules\.bin;C:\Users\apopo\AppData\Roaming\node_modules\.bin;C:\Users\apopo\AppData\node_modules\.bin;C:\Users\apopo\node_modules\.bin;C:\Users\node_modules\.bin;C:\node_modules\.bin;C:\Program Files\nodejs\node_modules\npm\node_modules\@npmcli\run-script\lib\node-gyp-bin;C:\Users\apopo\AppData\Local\Microsoft\WindowsApps;C:\Users\apopo\AppData\Roaming\nvm;C:\Program Files\nodejs;C:\Program Files\JetBrains\WebStorm 2021.2.3\bin;;C:\Users\apopo\AppData\Local\Programs\Microsoft VS Code\bin

Yarn version: 
  1.22.17

Node version: 
  12.19.0

Platform: 
  win32 x64

Trace: 
  Error: canceled
      at Interface.<anonymous> (C:\Users\apopo\AppData\Roaming\nvm\v12.19.0\node_modules\yarn\lib\cli.js:137143:13)
      at Interface.emit (events.js:314:20)
      at Interface._ttyWrite (readline.js:868:16)
      at ReadStream.onkeypress (readline.js:205:10)
      at ReadStream.emit (events.js:314:20)
      at emitKeys (internal/readline/utils.js:335:14)
      at emitKeys.next (<anonymous>)
      at ReadStream.onData (readline.js:1137:36)
      at ReadStream.emit (events.js:314:20)
      at addChunk (_stream_readable.js:298:12)

npm manifest: 
  No manifest

yarn manifest: 
  No manifest

Lockfile: 
  # THIS IS AN AUTOGENERATED FILE. DO NOT EDIT THIS FILE DIRECTLY.
  # yarn lockfile v1
